--2021-07-21 08:44:51--  https://osf.io/dm93b/download
Resolving osf.io (osf.io)... 35.190.84.173
Connecting to osf.io (osf.io)|35.190.84.173|:443... connected.
HTTP request sent, awaiting response... 302 FOUND
Location: https://files.de-1.osf.io/v1/resources/az42p/providers/osfstorage/60d093b5d6bcbc015408be37?action=download&direct&version=1 [following]
--2021-07-21 08:44:51--  https://files.de-1.osf.io/v1/resources/az42p/providers/osfstorage/60d093b5d6bcbc015408be37?action=download&direct&version=1
Resolving files.de-1.osf.io (files.de-1.osf.io)... 35.186.249.111
Connecting to files.de-1.osf.io (files.de-1.osf.io)|35.186.249.111|:443... connected.
HTTP request sent, awaiting response... 200 OK
Length: 4833592 (4.6M) [application/octet-stream]
Saving to: ‘GCA_000534275.1.fasta’

     0K .......... .......... .......... .......... ..........  1% 3.39M 1s
    50K .......... .......... .......... .......... ..........  2% 6.68M 1s
   100K .......... .......... .......... .......... ..........  3% 9.24M 1s
   150K .......... .......... .......... .......... ..........  4% 16.8M 1s
   200K .......... .......... .......... .......... ..........  5% 14.9M 1s
   250K .......... .......... .......... .......... ..........  6% 31.9M 1s
   300K .......... .......... .......... .......... ..........  7% 24.3M 0s
   350K .......... .......... .......... .......... ..........  8% 25.0M 0s
   400K .......... .......... .......... .......... ..........  9% 47.6M 0s
   450K .......... .......... .......... .......... .......... 10% 29.3M 0s
   500K .......... .......... .......... .......... .......... 11% 62.1M 0s
   550K .......... .......... .......... .......... .......... 12% 30.9M 0s
   600K .......... .......... .......... .......... .......... 13% 51.8M 0s
   650K .......... .......... .......... .......... .......... 14% 82.1M 0s
   700K .......... .......... .......... .......... .......... 15% 73.0M 0s
   750K .......... .......... .......... .......... .......... 16% 40.8M 0s
   800K .......... .......... .......... .......... .......... 18% 88.5M 0s
   850K .......... .......... .......... .......... .......... 19% 63.6M 0s
   900K .......... .......... .......... .......... .......... 20%  108M 0s
   950K .......... .......... .......... .......... .......... 21% 69.4M 0s
  1000K .......... .......... .......... .......... .......... 22% 43.3M 0s
  1050K .......... .......... .......... .......... .......... 23% 42.5M 0s
  1100K .......... .......... .......... .......... .......... 24%  206M 0s
  1150K .......... .......... .......... .......... .......... 25%  212M 0s
  1200K .......... .......... .......... .......... .......... 26%  119M 0s
  1250K .......... .......... .......... .......... .......... 27% 99.6M 0s
  1300K .......... .......... .......... .......... .......... 28%  160M 0s
  1350K .......... .......... .......... .......... .......... 29%  104M 0s
  1400K .......... .......... .......... .......... .......... 30% 96.8M 0s
  1450K .......... .......... .......... .......... .......... 31%  137M 0s
  1500K .......... .......... .......... .......... .......... 32%  114M 0s
  1550K .......... .......... .......... .......... .......... 33% 99.0M 0s
  1600K .......... .......... .......... .......... .......... 34%  110M 0s
  1650K .......... .......... .......... .......... .......... 36% 99.9M 0s
  1700K .......... .......... .......... .......... .......... 37%  156M 0s
  1750K .......... .......... .......... .......... .......... 38%  102M 0s
  1800K .......... .......... .......... .......... .......... 39% 98.6M 0s
  1850K .......... .......... .......... .......... .......... 40%  158M 0s
  1900K .......... .......... .......... .......... .......... 41%  109M 0s
  1950K .......... .......... .......... .......... .......... 42% 85.6M 0s
  2000K .......... .......... .......... .......... .......... 43%  122M 0s
  2050K .......... .......... .......... .......... .......... 44% 97.7M 0s
  2100K .......... .......... .......... .......... .......... 45%  150M 0s
  2150K .......... .......... .......... .......... .......... 46%  110M 0s
  2200K .......... .......... .......... .......... .......... 47% 98.4M 0s
  2250K .......... .......... .......... .......... .......... 48%  158M 0s
  2300K .......... .......... .......... .......... .......... 49%  108M 0s
  2350K .......... .......... .......... .......... .......... 50% 91.1M 0s
  2400K .......... .......... .......... .......... .......... 51%  111M 0s
  2450K .......... .......... .......... .......... .......... 52% 96.2M 0s
  2500K .......... .......... .......... .......... .......... 54%  157M 0s
  2550K .......... .......... .......... .......... .......... 55%  104M 0s
  2600K .......... .......... .......... .......... .......... 56% 95.4M 0s
  2650K .......... .......... .......... .......... .......... 57%  169M 0s
  2700K .......... .......... .......... .......... .......... 58% 90.2M 0s
  2750K .......... .......... .......... .......... .......... 59% 57.1M 0s
  2800K .......... .......... .......... .......... .......... 60% 66.4M 0s
  2850K .......... .......... .......... .......... .......... 61%  113M 0s
  2900K .......... .......... .......... .......... .......... 62%  172M 0s
  2950K .......... .......... .......... .......... .......... 63%  111M 0s
  3000K .......... .......... .......... .......... .......... 64%  121M 0s
  3050K .......... .......... .......... .......... .......... 65% 88.7M 0s
  3100K .......... .......... .......... .......... .......... 66%  181M 0s
  3150K .......... .......... .......... .......... .......... 67% 21.4M 0s
  3200K .......... .......... .......... .......... .......... 68%  161M 0s
  3250K .......... .......... .......... .......... .......... 69%  153M 0s
  3300K .......... .......... .......... .......... .......... 70%  309M 0s
  3350K .......... .......... .......... .......... .......... 72%  225M 0s
  3400K .......... .......... .......... .......... .......... 73%  151M 0s
  3450K .......... .......... .......... .......... .......... 74% 98.2M 0s
  3500K .......... .......... .......... .......... .......... 75%  158M 0s
  3550K .......... .......... .......... .......... .......... 76%  118M 0s
  3600K .......... .......... .......... .......... .......... 77%  131M 0s
  3650K .......... .......... .......... .......... .......... 78%  183M 0s
  3700K .......... .......... .......... .......... .......... 79%  242M 0s
  3750K .......... .......... .......... .......... .......... 80%  138M 0s
  3800K .......... .......... .......... .......... .......... 81%  200M 0s
  3850K .......... .......... .......... .......... .......... 82%  210M 0s
  3900K .......... .......... .......... .......... .......... 83% 5.96M 0s
  3950K .......... .......... .......... .......... .......... 84% 25.5M 0s
  4000K .......... .......... .......... .......... .......... 85%  216M 0s
  4050K .......... .......... .......... .......... .......... 86%  245M 0s
  4100K .......... .......... .......... .......... .......... 87%  225M 0s
  4150K .......... .......... .......... .......... .......... 88%  230M 0s
  4200K .......... .......... .......... .......... .......... 90% 22.9M 0s
  4250K .......... .......... .......... .......... .......... 91%  237M 0s
  4300K .......... .......... .......... .......... .......... 92%  118M 0s
  4350K .......... .......... .......... .......... .......... 93%  170M 0s
  4400K .......... .......... .......... .......... .......... 94%  225M 0s
  4450K .......... .......... .......... .......... .......... 95%  167M 0s
  4500K .......... .......... .......... .......... .......... 96%  217M 0s
  4550K .......... .......... .......... .......... .......... 97%  176M 0s
  4600K .......... .......... .......... .......... .......... 98%  156M 0s
  4650K .......... .......... .......... .......... .......... 99%  193M 0s
  4700K .......... ..........                                 100%  194M=0.09s

2021-07-21 08:44:53 (50.1 MB/s) - ‘GCA_000534275.1.fasta’ saved [4833592/4833592]

